<?xml version="1.0" encoding="UTF-8"?>
<testsuite xmlns:xsi="http://www.w3.org/2001/XMLSchema-instance" xsi:noNamespaceSchemaLocation="https://maven.apache.org/surefire/maven-surefire-plugin/xsd/surefire-test-report-3.0.xsd" version="3.0" name="projeto.studio.danca.TestePersistenciaModalidade" time="3.545" tests="1" errors="0" skipped="0" failures="0">
  <properties>
[...]
</properties>
  <testcase name="testePersistenciaContrato_Pagamento" classname="projeto.studio.danca.TestePersistenciaModalidade" time="0.115">
    <system-out><![CDATA[Hibernate: select nextval ('hibernate_sequence')
Hibernate: insert into tb_modalidade (modalidade_descricao, modalidade_professor, modalidade_id) values (?, ?, ?)
Hibernate: select nextval ('hibernate_sequence')
Hibernate: insert into Pacotes (descricao, modalidades_id, valor, id) values (?, ?, ?, ?)
Hibernate: select nextval ('hibernate_sequence')
Hibernate: insert into ItensContr (pacote_id, idContrato) values (?, ?)
Hibernate: select nextval ('hibernate_sequence')
Hibernate: insert into Alunos (Aniversario, E_mail, Endereço, Nome, Telefone, DataPgto, datainicio, id) values (?, ?, ?, ?, ?, ?, ?, ?)
Hibernate: select nextval ('hibernate_sequence')
Hibernate: insert into Contratos (FormaPgto, itens_id, aluno_id, dataInicio, valorDesconto, id) values (?, ?, ?, ?, ?, ?)
Hibernate: select nextval ('hibernate_sequence')
Hibernate: insert into Pagamento (contratos, Data_Pagamento, dataVcto, Valor, Valor_Pagamento, id) values (?, ?, ?, ?, ?, ?)
Hibernate: select nextval ('hibernate_sequence')
Hibernate: insert into Professores (Aniversario, E_mail, Endereço, Nome, Telefone, Data_Admissão, data_aniver, id) values (?, ?, ?, ?, ?, ?, ?, ?)
Hibernate: insert into Professores_tb_modalidade (Professores_id, modalidade_modalidade_id) values (?, ?)
Hibernate: select nextval ('hibernate_sequence')
Hibernate: insert into FolhaPgmt (Data_Pgto, Professores, Valor_a_Receber, id) values (?, ?, ?, ?)
Hibernate: insert into Professores_FolhaPgmt (Professores_id, F_pagamento_id) values (?, ?)
]]></system-out>
    <system-err><![CDATA[ago. 06, 2024 8:34:03 PM org.hibernate.ejb.HibernatePersistence logDeprecation
WARN: HHH015016: Encountered a deprecated javax.persistence.spi.PersistenceProvider [org.hibernate.ejb.HibernatePersistence]; use [org.hibernate.jpa.HibernatePersistenceProvider] instead.
ago. 06, 2024 8:34:03 PM org.hibernate.ejb.HibernatePersistence logDeprecation
WARN: HHH015016: Encountered a deprecated javax.persistence.spi.PersistenceProvider [org.hibernate.ejb.HibernatePersistence]; use [org.hibernate.jpa.HibernatePersistenceProvider] instead.
ago. 06, 2024 8:34:03 PM org.hibernate.jpa.internal.util.LogHelper logPersistenceUnitInformation
INFO: HHH000204: Processing PersistenceUnitInfo [
	name: br.edu.ifsul.bcc.too.avaliacao.segundaetapa.semestre_2023_2.modelo_projeto.studio.danca_jar_1.0-SNAPSHOTPU
	...]
ago. 06, 2024 8:34:04 PM org.hibernate.Version logVersion
INFO: HHH000412: Hibernate Core {5.3.3.Final}
ago. 06, 2024 8:34:04 PM org.hibernate.cfg.Environment <clinit>
INFO: HHH000206: hibernate.properties not found
ago. 06, 2024 8:34:04 PM org.hibernate.annotations.common.reflection.java.JavaReflectionManager <clinit>
INFO: HCANN000001: Hibernate Commons Annotations {5.0.4.Final}
ago. 06, 2024 8:34:04 PM org.hibernate.engine.jdbc.connections.internal.DriverManagerConnectionProviderImpl configure
WARN: HHH10001002: Using Hibernate built-in connection pool (not for production use!)
ago. 06, 2024 8:34:04 PM org.hibernate.engine.jdbc.connections.internal.DriverManagerConnectionProviderImpl buildCreator
INFO: HHH10001005: using driver [org.postgresql.Driver] at URL [jdbc:postgresql://localhost:5432/Studio_DB]
ago. 06, 2024 8:34:04 PM org.hibernate.engine.jdbc.connections.internal.DriverManagerConnectionProviderImpl buildCreator
INFO: HHH10001001: Connection properties: {password=****, user=postgres}
ago. 06, 2024 8:34:04 PM org.hibernate.engine.jdbc.connections.internal.DriverManagerConnectionProviderImpl buildCreator
INFO: HHH10001003: Autocommit mode: false
ago. 06, 2024 8:34:04 PM org.hibernate.engine.jdbc.connections.internal.DriverManagerConnectionProviderImpl$PooledConnections <init>
INFO: HHH000115: Hibernate connection pool size: 20 (min=1)
ago. 06, 2024 8:34:04 PM org.hibernate.dialect.Dialect <init>
INFO: HHH000400: Using dialect: org.hibernate.dialect.PostgreSQLDialect
ago. 06, 2024 8:34:05 PM org.hibernate.engine.jdbc.env.internal.LobCreatorBuilderImpl useContextualLobCreation
INFO: HHH000424: Disabling contextual LOB creation as createClob() method threw error : java.lang.reflect.InvocationTargetException
ago. 06, 2024 8:34:05 PM org.hibernate.type.BasicTypeRegistry register
INFO: HHH000270: Type registration [java.util.UUID] overrides previous : org.hibernate.type.UUIDBinaryType@6d511b5f
ago. 06, 2024 8:34:06 PM org.hibernate.resource.transaction.backend.jdbc.internal.DdlTransactionIsolatorNonJtaImpl getIsolatedConnection
INFO: HHH10001501: Connection obtained from JdbcConnectionAccess [org.hibernate.engine.jdbc.env.internal.JdbcEnvironmentInitiator$ConnectionProviderJdbcConnectionAccess@2dbfcf7] for (non-JTA) DDL execution was not in auto-commit mode; the Connection 'local transaction' will be committed and the Connection will be set into auto-commit mode.
]]></system-err>
  </testcase>
</testsuite>