<?xml version="1.0" encoding="UTF-8"?>
<testsuite xmlns:xsi="http://www.w3.org/2001/XMLSchema-instance" xsi:noNamespaceSchemaLocation="https://maven.apache.org/surefire/maven-surefire-plugin/xsd/surefire-test-report-3.0.xsd" version="3.0" name="projeto.studio.danca.TestePersistenciaModalidade" time="4.093" tests="1" errors="0" skipped="0" failures="0">
  <properties>
[...]
</properties>
  <testcase name="testePersistenciaContrato_Pagamento" classname="projeto.studio.danca.TestePersistenciaModalidade" time="0.01">
    <system-out><![CDATA[Hibernate: 
    
    alter table Contratos 
       drop constraint FKrt0o8lv2yoy5h15qcsymkbpgo
Hibernate: 
    
    alter table Contratos 
       drop constraint FK7ijee99npsulfodg10d9699x
Hibernate: 
    
    alter table FolhaPgmt 
       drop constraint FKtkkw8ksbgctbji2v945hoh3b9
Hibernate: 
    
    alter table ItensContr 
       drop constraint FKn3q9i6v3x9slu8vcfxr6nnakl
Hibernate: 
    
    alter table Pacotes 
       drop constraint FKkfw7l8lsbsbujqgnh6od19xhx
Hibernate: 
    
    alter table Pagamento 
       drop constraint FK19hy9t8b4a2snwiyggt0dl9hm
Hibernate: 
    
    alter table Professores_FolhaPgmt 
       drop constraint FKeky9q52krdd5c38bo718ln3ur
Hibernate: 
    
    alter table Professores_FolhaPgmt 
       drop constraint FKfue0mv9lh0judwldyym1cv0e5
Hibernate: 
    
    alter table Professores_modalidades 
       drop constraint FKa97gmb8cp7ym4i9yvud7tdmwv
Hibernate: 
    
    alter table Professores_modalidades 
       drop constraint FK4y79rs6wo7uo2xb8wofc072sh
Hibernate: 
    
    drop table if exists Alunos cascade
Hibernate: 
    
    drop table if exists Contratos cascade
Hibernate: 
    
    drop table if exists FolhaPgmt cascade
Hibernate: 
    
    drop table if exists ItensContr cascade
Hibernate: 
    
    drop table if exists modalidades cascade
Hibernate: 
    
    drop table if exists Pacotes cascade
Hibernate: 
    
    drop table if exists Pagamento cascade
Hibernate: 
    
    drop table if exists Professores cascade
Hibernate: 
    
    drop table if exists Professores_FolhaPgmt cascade
Hibernate: 
    
    drop table if exists Professores_modalidades cascade
Hibernate: 
    
    drop sequence if exists hibernate_sequence
Hibernate: create sequence hibernate_sequence start 1 increment 1
Hibernate: 
    
    create table Alunos (
       id int4 not null,
        Aniversario date,
        E_mail varchar(255),
        Endereço varchar(255),
        Nome varchar(255),
        Telefone varchar(255),
        DataPgto int4,
        datainicio date,
        primary key (id)
    )
Hibernate: 
    
    create table Contratos (
       id int4 not null,
        FormaPgto varchar(255) not null,
        dataInicio date not null,
        valorDesconto float8 not null,
        itens_id int4,
        aluno_id int4 not null,
        primary key (id)
    )
Hibernate: 
    
    create table FolhaPgmt (
       id int4 not null,
        Data_Pgto date,
        Valor_a_Receber float8,
        Professores int4,
        primary key (id)
    )
Hibernate: 
    
    create table ItensContr (
       idContrato int4 not null,
        pacote_id int4 not null,
        primary key (idContrato)
    )
Hibernate: 
    
    create table modalidades (
       id int4 not null,
        descricao varchar(120) not null,
        primary key (id)
    )
Hibernate: 
    
    create table Pacotes (
       id int4 not null,
        descricao varchar(120) not null,
        valor float8 not null,
        modalidades_id int4,
        primary key (id)
    )
Hibernate: 
    
    create table Pagamento (
       id int4 not null,
        Data_Pagamento timestamp,
        dataVcto timestamp not null,
        Valor float8,
        Valor_Pagamento decimal(12,2),
        contratos int4 not null,
        primary key (id)
    )
Hibernate: 
    
    create table Professores (
       id int4 not null,
        Aniversario date,
        E_mail varchar(255),
        Endereço varchar(255),
        Nome varchar(255),
        Telefone varchar(255),
        Data_Admissão date,
        data_aniver date,
        primary key (id)
    )
Hibernate: 
    
    create table Professores_FolhaPgmt (
       Professores_id int4 not null,
        F_pagamento_id int4 not null
    )
Hibernate: 
    
    create table Professores_modalidades (
       Professores_id int4 not null,
        modalidade_id int4 not null
    )
Hibernate: 
    
    alter table Professores_FolhaPgmt 
       add constraint UK_khl6hvliwe7mmv0u8p7ft1rkh unique (F_pagamento_id)
Hibernate: 
    
    alter table Contratos 
       add constraint FKrt0o8lv2yoy5h15qcsymkbpgo 
       foreign key (itens_id) 
       references ItensContr
Hibernate: 
    
    alter table Contratos 
       add constraint FK7ijee99npsulfodg10d9699x 
       foreign key (aluno_id) 
       references Alunos
Hibernate: 
    
    alter table FolhaPgmt 
       add constraint FKtkkw8ksbgctbji2v945hoh3b9 
       foreign key (Professores) 
       references Professores
Hibernate: 
    
    alter table ItensContr 
       add constraint FKn3q9i6v3x9slu8vcfxr6nnakl 
       foreign key (pacote_id) 
       references Pacotes
Hibernate: 
    
    alter table Pacotes 
       add constraint FKkfw7l8lsbsbujqgnh6od19xhx 
       foreign key (modalidades_id) 
       references modalidades
Hibernate: 
    
    alter table Pagamento 
       add constraint FK19hy9t8b4a2snwiyggt0dl9hm 
       foreign key (contratos) 
       references Contratos
Hibernate: 
    
    alter table Professores_FolhaPgmt 
       add constraint FKeky9q52krdd5c38bo718ln3ur 
       foreign key (F_pagamento_id) 
       references FolhaPgmt
Hibernate: 
    
    alter table Professores_FolhaPgmt 
       add constraint FKfue0mv9lh0judwldyym1cv0e5 
       foreign key (Professores_id) 
       references Professores
Hibernate: 
    
    alter table Professores_modalidades 
       add constraint FKa97gmb8cp7ym4i9yvud7tdmwv 
       foreign key (modalidade_id) 
       references modalidades
Hibernate: 
    
    alter table Professores_modalidades 
       add constraint FK4y79rs6wo7uo2xb8wofc072sh 
       foreign key (Professores_id) 
       references Professores
Hibernate: 
    select
        nextval ('hibernate_sequence')
Hibernate: 
    /* insert projeto.studio.danca.model.modalidades
        */ insert 
        into
            modalidades
            (descricao, id) 
        values
            (?, ?)
Hibernate: 
    select
        nextval ('hibernate_sequence')
Hibernate: 
    /* insert projeto.studio.danca.model.Pacotes
        */ insert 
        into
            Pacotes
            (descricao, modalidades_id, valor, id) 
        values
            (?, ?, ?, ?)
Hibernate: 
    select
        nextval ('hibernate_sequence')
Hibernate: 
    /* insert projeto.studio.danca.model.ItensContr
        */ insert 
        into
            ItensContr
            (pacote_id, idContrato) 
        values
            (?, ?)
Hibernate: 
    select
        nextval ('hibernate_sequence')
Hibernate: 
    /* insert projeto.studio.danca.model.Alunos
        */ insert 
        into
            Alunos
            (Aniversario, E_mail, Endereço, Nome, Telefone, DataPgto, datainicio, id) 
        values
            (?, ?, ?, ?, ?, ?, ?, ?)
Hibernate: 
    select
        nextval ('hibernate_sequence')
Hibernate: 
    /* insert projeto.studio.danca.model.Contratos
        */ insert 
        into
            Contratos
            (FormaPgto, itens_id, aluno_id, dataInicio, valorDesconto, id) 
        values
            (?, ?, ?, ?, ?, ?)
Hibernate: 
    select
        nextval ('hibernate_sequence')
Hibernate: 
    /* insert projeto.studio.danca.model.Pagamento
        */ insert 
        into
            Pagamento
            (contratos, Data_Pagamento, dataVcto, Valor, Valor_Pagamento, id) 
        values
            (?, ?, ?, ?, ?, ?)
Hibernate: 
    select
        nextval ('hibernate_sequence')
Hibernate: 
    /* insert projeto.studio.danca.model.Professores
        */ insert 
        into
            Professores
            (Aniversario, E_mail, Endereço, Nome, Telefone, Data_Admissão, data_aniver, id) 
        values
            (?, ?, ?, ?, ?, ?, ?, ?)
Hibernate: 
    /* insert collection
        row projeto.studio.danca.model.Professores.modalidade */ insert 
        into
            Professores_modalidades
            (Professores_id, modalidade_id) 
        values
            (?, ?)
Hibernate: 
    select
        nextval ('hibernate_sequence')
Hibernate: 
    /* insert projeto.studio.danca.model.FolhaPgmt
        */ insert 
        into
            FolhaPgmt
            (Data_Pgto, Professores, Valor_a_Receber, id) 
        values
            (?, ?, ?, ?)
Hibernate: 
    /* insert collection
        row projeto.studio.danca.model.Professores.F_pagamento */ insert 
        into
            Professores_FolhaPgmt
            (Professores_id, F_pagamento_id) 
        values
            (?, ?)
]]></system-out>
    <system-err><![CDATA[jul. 13, 2024 7:09:51 PM org.hibernate.ejb.HibernatePersistence logDeprecation
WARN: HHH015016: Encountered a deprecated javax.persistence.spi.PersistenceProvider [org.hibernate.ejb.HibernatePersistence]; use [org.hibernate.jpa.HibernatePersistenceProvider] instead.
jul. 13, 2024 7:09:51 PM org.hibernate.ejb.HibernatePersistence logDeprecation
WARN: HHH015016: Encountered a deprecated javax.persistence.spi.PersistenceProvider [org.hibernate.ejb.HibernatePersistence]; use [org.hibernate.jpa.HibernatePersistenceProvider] instead.
jul. 13, 2024 7:09:51 PM org.hibernate.jpa.internal.util.LogHelper logPersistenceUnitInformation
INFO: HHH000204: Processing PersistenceUnitInfo [
	name: br.edu.ifsul.bcc.too.avaliacao.segundaetapa.semestre_2023_2.modelo_projeto.studio.danca_jar_1.0-SNAPSHOTPU
	...]
jul. 13, 2024 7:09:51 PM org.hibernate.Version logVersion
INFO: HHH000412: Hibernate Core {5.3.3.Final}
jul. 13, 2024 7:09:51 PM org.hibernate.cfg.Environment <clinit>
INFO: HHH000206: hibernate.properties not found
jul. 13, 2024 7:09:52 PM org.hibernate.annotations.common.reflection.java.JavaReflectionManager <clinit>
INFO: HCANN000001: Hibernate Commons Annotations {5.0.4.Final}
jul. 13, 2024 7:09:52 PM org.hibernate.engine.jdbc.connections.internal.DriverManagerConnectionProviderImpl configure
WARN: HHH10001002: Using Hibernate built-in connection pool (not for production use!)
jul. 13, 2024 7:09:52 PM org.hibernate.engine.jdbc.connections.internal.DriverManagerConnectionProviderImpl buildCreator
INFO: HHH10001005: using driver [org.postgresql.Driver] at URL [jdbc:postgresql://localhost:5432/Studio_DB]
jul. 13, 2024 7:09:52 PM org.hibernate.engine.jdbc.connections.internal.DriverManagerConnectionProviderImpl buildCreator
INFO: HHH10001001: Connection properties: {password=****, user=postgres}
jul. 13, 2024 7:09:52 PM org.hibernate.engine.jdbc.connections.internal.DriverManagerConnectionProviderImpl buildCreator
INFO: HHH10001003: Autocommit mode: false
jul. 13, 2024 7:09:52 PM org.hibernate.engine.jdbc.connections.internal.DriverManagerConnectionProviderImpl$PooledConnections <init>
INFO: HHH000115: Hibernate connection pool size: 20 (min=1)
jul. 13, 2024 7:09:52 PM org.hibernate.dialect.Dialect <init>
INFO: HHH000400: Using dialect: org.hibernate.dialect.PostgreSQLDialect
jul. 13, 2024 7:09:53 PM org.hibernate.engine.jdbc.env.internal.LobCreatorBuilderImpl useContextualLobCreation
INFO: HHH000424: Disabling contextual LOB creation as createClob() method threw error : java.lang.reflect.InvocationTargetException
jul. 13, 2024 7:09:53 PM org.hibernate.type.BasicTypeRegistry register
INFO: HHH000270: Type registration [java.util.UUID] overrides previous : org.hibernate.type.UUIDBinaryType@5707c1cb
jul. 13, 2024 7:09:54 PM org.hibernate.resource.transaction.backend.jdbc.internal.DdlTransactionIsolatorNonJtaImpl getIsolatedConnection
INFO: HHH10001501: Connection obtained from JdbcConnectionAccess [org.hibernate.engine.jdbc.env.internal.JdbcEnvironmentInitiator$ConnectionProviderJdbcConnectionAccess@5befbac1] for (non-JTA) DDL execution was not in auto-commit mode; the Connection 'local transaction' will be committed and the Connection will be set into auto-commit mode.
jul. 13, 2024 7:09:54 PM org.hibernate.resource.transaction.backend.jdbc.internal.DdlTransactionIsolatorNonJtaImpl getIsolatedConnection
INFO: HHH10001501: Connection obtained from JdbcConnectionAccess [org.hibernate.engine.jdbc.env.internal.JdbcEnvironmentInitiator$ConnectionProviderJdbcConnectionAccess@688a2c09] for (non-JTA) DDL execution was not in auto-commit mode; the Connection 'local transaction' will be committed and the Connection will be set into auto-commit mode.
jul. 13, 2024 7:09:54 PM org.hibernate.tool.schema.internal.SchemaCreatorImpl applyImportSources
INFO: HHH000476: Executing import script 'org.hibernate.tool.schema.internal.exec.ScriptSourceInputNonExistentImpl@6587305a'
jul. 13, 2024 7:09:54 PM org.hibernate.engine.internal.StatisticalLoggingSessionEventListener end
INFO: Session Metrics {
    142900 nanoseconds spent acquiring 9 JDBC connections;
    171200 nanoseconds spent releasing 9 JDBC connections;
    2841900 nanoseconds spent preparing 18 JDBC statements;
    4122800 nanoseconds spent executing 8 JDBC statements;
    17063700 nanoseconds spent executing 10 JDBC batches;
    0 nanoseconds spent performing 0 L2C puts;
    0 nanoseconds spent performing 0 L2C hits;
    0 nanoseconds spent performing 0 L2C misses;
    60350600 nanoseconds spent executing 9 flushes (flushing a total of 44 entities and 4 collections);
    0 nanoseconds spent executing 0 partial-flushes (flushing a total of 0 entities and 0 collections)
}
]]></system-err>
  </testcase>
</testsuite>